2024-03-14 18:17:06 INFO log.py: Yasb - Yet Another Status Bar
2024-03-14 18:17:20 INFO bar_manager.py: Starting KomorebiEventListener...
2024-03-14 18:17:21 INFO bar_manager.py: Starting SystemEventListener...
2024-03-14 18:17:21 INFO event_listener.py: Created named pipe yasb-ff876461-e200-11ee-a5cd-dac0a6fc4ed5
2024-03-14 18:17:21 INFO event_listener.py: Waiting for Komorebi to subscribe to named pipe yasb-ff876461-e200-11ee-a5cd-dac0a6fc4ed5
2024-03-14 18:17:21 INFO watcher.py: Created file watcher for path C:\Users\Ashwin\.config\yasb
2024-03-14 18:17:21 INFO event_listener.py: Komorebi connected to named pipe: yasb-ff876461-e200-11ee-a5cd-dac0a6fc4ed5
2024-03-14 18:27:24 INFO bar_manager.py: Stopping KomorebiEventListener...
2024-03-14 18:27:24 INFO bar_manager.py: Stopping SystemEventListener...
2024-03-14 18:27:25 INFO bar_manager.py: Starting KomorebiEventListener...
2024-03-14 18:27:25 INFO bar_manager.py: Starting SystemEventListener...
2024-03-14 18:27:25 INFO bar_manager.py: Successfully loaded updated config and re-initialised all bars.
2024-03-14 18:27:25 INFO event_listener.py: Created named pipe yasb-67f703d2-e202-11ee-a7b0-dac0a6fc4ed5
2024-03-14 18:27:25 INFO event_listener.py: Waiting for Komorebi to subscribe to named pipe yasb-67f703d2-e202-11ee-a7b0-dac0a6fc4ed5
2024-03-14 18:27:26 INFO bar_manager.py: Successfully loaded updated stylesheet and applied to all bars.
2024-03-14 18:27:26 INFO event_listener.py: Komorebi connected to named pipe: yasb-67f703d2-e202-11ee-a7b0-dac0a6fc4ed5
2024-03-14 18:29:26 INFO bar_manager.py: Stopping KomorebiEventListener...
2024-03-14 18:29:26 INFO bar_manager.py: Stopping SystemEventListener...
2024-03-14 18:29:28 INFO bar_manager.py: Starting KomorebiEventListener...
2024-03-14 18:29:28 INFO bar_manager.py: Starting SystemEventListener...
2024-03-14 18:29:28 INFO bar_manager.py: Successfully loaded updated config and re-initialised all bars.
2024-03-14 18:29:28 INFO event_listener.py: Created named pipe yasb-b11b412f-e202-11ee-9ced-dac0a6fc4ed5
2024-03-14 18:29:28 INFO event_listener.py: Waiting for Komorebi to subscribe to named pipe yasb-b11b412f-e202-11ee-9ced-dac0a6fc4ed5
2024-03-14 18:29:28 INFO bar_manager.py: Successfully loaded updated stylesheet and applied to all bars.
2024-03-14 18:29:28 INFO event_listener.py: Komorebi connected to named pipe: yasb-b11b412f-e202-11ee-9ced-dac0a6fc4ed5
